<?xml version="1.0" encoding="UTF-8"?>
<testng-results ignored="0" total="1" passed="1" failed="0" skipped="0">
  <reporter-output>
  </reporter-output>
  <suite started-at="2022-09-10T15:39:40 IDT" name="Default suite" finished-at="2022-09-10T15:39:45 IDT" duration-ms="5309">
    <groups>
    </groups>
    <test started-at="2022-09-10T15:39:40 IDT" name="Default test" finished-at="2022-09-10T15:39:45 IDT" duration-ms="5309">
      <class name="defaultPack.TestBing">
        <test-method signature="testBing()[pri:0, instance:defaultPack.TestBing@158da8e]" started-at="2022-09-10T15:39:40 IDT" name="testBing" finished-at="2022-09-10T15:39:45 IDT" duration-ms="5279" status="PASS">
          <reporter-output>
          </reporter-output>
        </test-method> <!-- testBing -->
      </class> <!-- defaultPack.TestBing -->
    </test> <!-- Default test -->
  </suite> <!-- Default suite -->
</testng-results>
