<?xml version="1.0" encoding="UTF-8"?>
<!-- Generated by org.testng.reporters.JUnitXMLReporter -->
<testsuite ignored="0" hostname="LAPTOP-BFM5BG7L" failures="0" tests="4" name="Default test" time="17.351" errors="0" timestamp="2022-10-01T06:49:11 IDT">
  <testcase classname="TrelloTask1.TestLoginTrello" name="loginEmailTest" time="2.488"/>
  <testcase classname="TrelloTask1.TestLoginTrello" name="loginPasswordTest" time="2.857"/>
  <testcase classname="TrelloTask1.TestLoginTrello" name="CreateNewBoardTest" time="7.365"/>
  <testcase classname="TrelloTask1.TestLoginTrello" name="addTitleAndConfirm" time="4.512"/>
</testsuite> <!-- Default test -->
